1693278551.315744 client started (29232): version 2.6, socket /tmp/tmux-1000/default, protocol 8
1693278551.315781 on Linux 4.15.0-32-generic #35-Ubuntu SMP Fri Aug 10 17:58:07 UTC 2018; libevent 2.1.8-stable (poll)
1693278551.315789 socket is /tmp/tmux-1000/default
1693278551.315808 trying connect
1693278551.315868 add peer 0x55797c903840: 7 ((nil))
1693278551.315913 sending message 100 to peer 0x55797c903840 (4 bytes)
1693278551.315916 sending message 101 to peer 0x55797c903840 (7 bytes)
1693278551.315919 sending message 102 to peer 0x55797c903840 (11 bytes)
1693278551.315921 sending message 108 to peer 0x55797c903840 (33 bytes)
1693278551.315924 sending message 104 to peer 0x55797c903840 (0 bytes)
1693278551.315926 sending message 107 to peer 0x55797c903840 (4 bytes)
1693278551.315928 sending message 105 to peer 0x55797c903840 (30 bytes)
1693278551.315931 sending message 105 to peer 0x55797c903840 (1516 bytes)
1693278551.315936 sending message 105 to peer 0x55797c903840 (51 bytes)
1693278551.315939 sending message 105 to peer 0x55797c903840 (34 bytes)
1693278551.315941 sending message 105 to peer 0x55797c903840 (17 bytes)
1693278551.315944 sending message 105 to peer 0x55797c903840 (39 bytes)
1693278551.315947 sending message 105 to peer 0x55797c903840 (30 bytes)
1693278551.315949 sending message 105 to peer 0x55797c903840 (29 bytes)
1693278551.315952 sending message 105 to peer 0x55797c903840 (24 bytes)
1693278551.315955 sending message 105 to peer 0x55797c903840 (14 bytes)
1693278551.315957 sending message 105 to peer 0x55797c903840 (47 bytes)
1693278551.315959 sending message 105 to peer 0x55797c903840 (14 bytes)
1693278551.315962 sending message 105 to peer 0x55797c903840 (82 bytes)
1693278551.315964 sending message 105 to peer 0x55797c903840 (21 bytes)
1693278551.315966 sending message 105 to peer 0x55797c903840 (16 bytes)
1693278551.315968 sending message 105 to peer 0x55797c903840 (27 bytes)
1693278551.315971 sending message 105 to peer 0x55797c903840 (37 bytes)
1693278551.315973 sending message 105 to peer 0x55797c903840 (22 bytes)
1693278551.315976 sending message 105 to peer 0x55797c903840 (24 bytes)
1693278551.315979 sending message 105 to peer 0x55797c903840 (35 bytes)
1693278551.316004 sending message 105 to peer 0x55797c903840 (37 bytes)
1693278551.316007 sending message 105 to peer 0x55797c903840 (65 bytes)
1693278551.316009 sending message 105 to peer 0x55797c903840 (92 bytes)
1693278551.316012 sending message 105 to peer 0x55797c903840 (22 bytes)
1693278551.316014 sending message 105 to peer 0x55797c903840 (18 bytes)
1693278551.316016 sending message 105 to peer 0x55797c903840 (19 bytes)
1693278551.316018 sending message 105 to peer 0x55797c903840 (31 bytes)
1693278551.316020 sending message 105 to peer 0x55797c903840 (26 bytes)
1693278551.316023 sending message 105 to peer 0x55797c903840 (12 bytes)
1693278551.316025 sending message 105 to peer 0x55797c903840 (16 bytes)
1693278551.316029 sending message 105 to peer 0x55797c903840 (56 bytes)
1693278551.316031 sending message 105 to peer 0x55797c903840 (28 bytes)
1693278551.316034 sending message 105 to peer 0x55797c903840 (14 bytes)
1693278551.316036 sending message 105 to peer 0x55797c903840 (8 bytes)
1693278551.316038 sending message 105 to peer 0x55797c903840 (16 bytes)
1693278551.316040 sending message 105 to peer 0x55797c903840 (19 bytes)
1693278551.316042 sending message 105 to peer 0x55797c903840 (31 bytes)
1693278551.316044 sending message 105 to peer 0x55797c903840 (53 bytes)
1693278551.316047 sending message 105 to peer 0x55797c903840 (447 bytes)
1693278551.316049 sending message 105 to peer 0x55797c903840 (53 bytes)
1693278551.316051 sending message 105 to peer 0x55797c903840 (32 bytes)
1693278551.316053 sending message 105 to peer 0x55797c903840 (16 bytes)
1693278551.316055 sending message 105 to peer 0x55797c903840 (16 bytes)
1693278551.316058 sending message 106 to peer 0x55797c903840 (0 bytes)
1693278551.316060 sending message 200 to peer 0x55797c903840 (4 bytes)
1693278551.316062 client loop enter
1693278551.318815 peer 0x55797c903840 message 211
1693278551.318859 peer 0x55797c903840 message 203
1693278551.318863 client loop exit
